[debug] [2021-11-28T07:23:53.843Z] ----------------------------------------------------------------------
[debug] [2021-11-28T07:23:53.845Z] Command:       C:\Program Files\nodejs\node.exe C:\Program Files\nodejs\node_modules\firebase-tools\lib\bin\firebase.js init
[debug] [2021-11-28T07:23:53.845Z] CLI Version:   9.23.0
[debug] [2021-11-28T07:23:53.845Z] Platform:      win32
[debug] [2021-11-28T07:23:53.845Z] Node Version:  v14.17.2
[debug] [2021-11-28T07:23:53.846Z] Time:          Sun Nov 28 2021 12:53:53 GMT+0530 (India Standard Time)
[debug] [2021-11-28T07:23:53.846Z] ----------------------------------------------------------------------
[debug] 
[debug] [2021-11-28T07:23:53.852Z] > command requires scopes: ["email","openid","https://www.googleapis.com/auth/cloudplatformprojects.readonly","https://www.googleapis.com/auth/firebase","https://www.googleapis.com/auth/cloud-platform"]
[debug] [2021-11-28T07:23:53.852Z] > authorizing via signed-in user (vishnurajesh8@gmail.com)
[info] 
     ######## #### ########  ######## ########     ###     ######  ########
     ##        ##  ##     ## ##       ##     ##  ##   ##  ##       ##
     ######    ##  ########  ######   ########  #########  ######  ######
     ##        ##  ##    ##  ##       ##     ## ##     ##       ## ##
     ##       #### ##     ## ######## ########  ##     ##  ######  ########

You're about to initialize a Firebase project in this directory:

  C:\Users\Vishnu\WebstormProjects\personal-repo

[info] 
=== Project Setup
[info] 
[info] First, let's associate this project directory with a Firebase project.
[info] You can create multiple project aliases by running firebase use --add, 
[info] but for now we'll just set up a default project.
[info] 
[debug] [2021-11-28T07:24:09.012Z] >>> [apiv2][query] GET https://firebase.googleapis.com/v1beta1/projects pageSize=100
[debug] [2021-11-28T07:24:09.062Z] Failed to make request to https://firebase.googleapis.com/v1beta1/projects?pageSize=100
[debug] [2021-11-28T07:24:09.268Z] FirebaseError: Failed to make request to https://firebase.googleapis.com/v1beta1/projects?pageSize=100
    at Client.doRequest (C:\Users\Vishnu\AppData\Roaming\nvm\v14.17.2\node_modules\firebase-tools\lib\apiv2.js:213:19)
    at processTicksAndRejections (internal/process/task_queues.js:95:5)
    at async Client.request (C:\Users\Vishnu\AppData\Roaming\nvm\v14.17.2\node_modules\firebase-tools\lib\apiv2.js:96:20)
    at async getProjectPage (C:\Users\Vishnu\AppData\Roaming\nvm\v14.17.2\node_modules\firebase-tools\lib\management\projects.js:233:17)
    at async getFirebaseProjectPage (C:\Users\Vishnu\AppData\Roaming\nvm\v14.17.2\node_modules\firebase-tools\lib\management\projects.js:250:23)
    at async selectProjectInteractively (C:\Users\Vishnu\AppData\Roaming\nvm\v14.17.2\node_modules\firebase-tools\lib\management\projects.js:95:41)
    at async Object.doSetup [as project] (C:\Users\Vishnu\AppData\Roaming\nvm\v14.17.2\node_modules\firebase-tools\lib\init\features\project.js:87:27)
    at async init (C:\Users\Vishnu\AppData\Roaming\nvm\v14.17.2\node_modules\firebase-tools\lib\init\index.js:19:9)
[error] 
[error] Error: Failed to list Firebase projects. See firebase-debug.log for more info.
[debug] [2021-11-28T07:24:16.998Z] ----------------------------------------------------------------------
[debug] [2021-11-28T07:24:17.000Z] Command:       C:\Program Files\nodejs\node.exe C:\Program Files\nodejs\node_modules\firebase-tools\lib\bin\firebase.js init
[debug] [2021-11-28T07:24:17.001Z] CLI Version:   9.23.0
[debug] [2021-11-28T07:24:17.001Z] Platform:      win32
[debug] [2021-11-28T07:24:17.001Z] Node Version:  v14.17.2
[debug] [2021-11-28T07:24:17.002Z] Time:          Sun Nov 28 2021 12:54:17 GMT+0530 (India Standard Time)
[debug] [2021-11-28T07:24:17.002Z] ----------------------------------------------------------------------
[debug] 
[debug] [2021-11-28T07:24:17.008Z] > command requires scopes: ["email","openid","https://www.googleapis.com/auth/cloudplatformprojects.readonly","https://www.googleapis.com/auth/firebase","https://www.googleapis.com/auth/cloud-platform"]
[debug] [2021-11-28T07:24:17.008Z] > authorizing via signed-in user (vishnurajesh8@gmail.com)
[info] 
     ######## #### ########  ######## ########     ###     ######  ########
     ##        ##  ##     ## ##       ##     ##  ##   ##  ##       ##
     ######    ##  ########  ######   ########  #########  ######  ######
     ##        ##  ##    ##  ##       ##     ## ##     ##       ## ##
     ##       #### ##     ## ######## ########  ##     ##  ######  ########

You're about to initialize a Firebase project in this directory:

  C:\Users\Vishnu\WebstormProjects\personal-repo

[info] 
=== Project Setup
[info] 
[info] First, let's associate this project directory with a Firebase project.
[info] You can create multiple project aliases by running firebase use --add, 
[info] but for now we'll just set up a default project.
[info] 
[debug] [2021-11-28T07:24:50.317Z] >>> [apiv2][query] GET https://firebase.googleapis.com/v1beta1/projects pageSize=100
[debug] [2021-11-28T07:24:51.284Z] <<< [apiv2][status] GET https://firebase.googleapis.com/v1beta1/projects 200
[debug] [2021-11-28T07:24:51.285Z] <<< [apiv2][body] GET https://firebase.googleapis.com/v1beta1/projects [omitted]
[info] i  Using project tropicana-713bb (Tropicana) 
[info] 
=== Hosting Setup
[info] 
[info] Your public directory is the folder (relative to your project directory) that
[info] will contain Hosting assets to be uploaded with firebase deploy. If you
[info] have a build process for your assets, use your build's output directory.
[info] 
[info] +  Wrote public/404.html 
[debug] [2021-11-28T07:25:22.473Z] >>> [apiv2][query] GET https://www.gstatic.com/firebasejs/releases.json [none]
[debug] [2021-11-28T07:25:22.604Z] <<< [apiv2][status] GET https://www.gstatic.com/firebasejs/releases.json 200
[debug] [2021-11-28T07:25:22.604Z] <<< [apiv2][body] GET https://www.gstatic.com/firebasejs/releases.json {"current":{"version":"9.5.0","browserURL":"https://www.gstatic.com/firebasejs/9.5.0/firebase.js","packageURL":"https://www.gstatic.com/firebasejs/9.5.0/firebase.tgz"},"live":{"version":"9.5","browserURL":"https://www.gstatic.com/firebasejs/live/9.5/firebase.js","packageURL":"https://www.gstatic.com/firebasejs/live/9.5/firebase.tgz"},"components":{"analytics":"https://www.gstatic.com/firebasejs/9.5.0/firebase-analytics.js","app":"https://www.gstatic.com/firebasejs/9.5.0/firebase-app.js","app-check":"https://www.gstatic.com/firebasejs/9.5.0/firebase-app-check.js","auth":"https://www.gstatic.com/firebasejs/9.5.0/firebase-auth.js","auth/cordova":"https://www.gstatic.com/firebasejs/9.5.0/firebase-auth/cordova.js","auth/react-native":"https://www.gstatic.com/firebasejs/9.5.0/firebase-auth/react-native.js","functions":"https://www.gstatic.com/firebasejs/9.5.0/firebase-functions.js","firestore":"https://www.gstatic.com/firebasejs/9.5.0/firebase-firestore.js","firestore/lite":"https://www.gstatic.com/firebasejs/9.5.0/firebase-firestore/lite.js","storage":"https://www.gstatic.com/firebasejs/9.5.0/firebase-storage.js","performance":"https://www.gstatic.com/firebasejs/9.5.0/firebase-performance.js","remote-config":"https://www.gstatic.com/firebasejs/9.5.0/firebase-remote-config.js","messaging":"https://www.gstatic.com/firebasejs/9.5.0/firebase-messaging.js","messaging/sw":"https://www.gstatic.com/firebasejs/9.5.0/firebase-messaging/sw.js","database":"https://www.gstatic.com/firebasejs/9.5.0/firebase-database.js","firestore.memory":"https://www.gstatic.com/firebasejs/9.5.0/firebase-firestore.memory.js"}}
[info] i  Skipping write of public/index.html 
[info] 
[info] i  Detected a .git folder at C:\Users\Vishnu\WebstormProjects\personal-repo 
[info] i  Authorizing with GitHub to upload your service account to a GitHub repository's secrets store. 
[info] 
[info] Visit this URL on this device to log in:
[info] https://github.com/login/oauth/authorize?client_id=89cf50f02ac6aaed3484&state=228345379&redirect_uri=http%3A%2F%2Flocalhost%3A9005&scope=read%3Auser%20repo%20public_repo
[info] 
[info] Waiting for authentication...
[debug] [2021-11-28T07:25:52.778Z] >>> HTTP REQUEST POST https://github.com/login/oauth/access_token  
 {"client_id":"89cf50f02ac6aaed3484","client_secret":"3330d14abc895d9a74d5f17cd7a00711fa2c5bf0","code":"fb87e8349097c58f0483","redirect_uri":"http://localhost:9005","state":"228345379"}
[debug] [2021-11-28T07:25:53.198Z] <<< HTTP RESPONSE 200 {"server":"GitHub.com","date":"Sun, 28 Nov 2021 07:25:53 GMT","content-type":"application/json; charset=utf-8","transfer-encoding":"chunked","vary":"X-PJAX, X-PJAX-Container, Accept-Encoding, Accept, X-Requested-With","permissions-policy":"interest-cohort=()","etag":"W/\"f784005c67a67fc9aa2f348c353050c1\"","cache-control":"max-age=0, private, must-revalidate","strict-transport-security":"max-age=31536000; includeSubdomains; preload","x-frame-options":"deny","x-content-type-options":"nosniff","x-xss-protection":"0","referrer-policy":"origin-when-cross-origin, strict-origin-when-cross-origin","expect-ct":"max-age=2592000, report-uri=\"https://api.github.com/_private/browser/errors\"","content-security-policy":"default-src 'none'; base-uri 'self'; block-all-mixed-content; child-src github.com/assets-cdn/worker/ gist.github.com/assets-cdn/worker/; connect-src 'self' uploads.github.com objects-origin.githubusercontent.com www.githubstatus.com collector.githubapp.com api.github.com github-cloud.s3.amazonaws.com github-production-repository-file-5c1aeb.s3.amazonaws.com github-production-upload-manifest-file-7fdce7.s3.amazonaws.com github-production-user-asset-6210df.s3.amazonaws.com cdn.optimizely.com logx.optimizely.com/v1/events translator.github.com wss://alive.github.com; font-src github.githubassets.com; form-action 'self' github.com gist.github.com objects-origin.githubusercontent.com; frame-ancestors 'none'; frame-src render.githubusercontent.com viewscreen.githubusercontent.com notebooks.githubusercontent.com; img-src 'self' data: github.githubassets.com identicons.github.com collector.githubapp.com github-cloud.s3.amazonaws.com secured-user-images.githubusercontent.com/ *.githubusercontent.com; manifest-src 'self'; media-src github.com user-images.githubusercontent.com/; script-src github.githubassets.com; style-src 'unsafe-inline' github.githubassets.com; worker-src github.com/assets-cdn/worker/ gist.github.com/assets-cdn/worker/","x-github-request-id":"8E81:7A38:13AB13:184561:61A32F00"}
[debug] [2021-11-28T07:25:53.227Z] >>> [apiv2][query] GET https://api.github.com/user [none]
[debug] [2021-11-28T07:25:54.038Z] <<< [apiv2][status] GET https://api.github.com/user 200
[debug] [2021-11-28T07:25:54.039Z] <<< [apiv2][body] GET https://api.github.com/user {"login":"vishnutrajesh","id":84440673,"node_id":"MDQ6VXNlcjg0NDQwNjcz","avatar_url":"https://avatars.githubusercontent.com/u/84440673?v=4","gravatar_id":"","url":"https://api.github.com/users/vishnutrajesh","html_url":"https://github.com/vishnutrajesh","followers_url":"https://api.github.com/users/vishnutrajesh/followers","following_url":"https://api.github.com/users/vishnutrajesh/following{/other_user}","gists_url":"https://api.github.com/users/vishnutrajesh/gists{/gist_id}","starred_url":"https://api.github.com/users/vishnutrajesh/starred{/owner}{/repo}","subscriptions_url":"https://api.github.com/users/vishnutrajesh/subscriptions","organizations_url":"https://api.github.com/users/vishnutrajesh/orgs","repos_url":"https://api.github.com/users/vishnutrajesh/repos","events_url":"https://api.github.com/users/vishnutrajesh/events{/privacy}","received_events_url":"https://api.github.com/users/vishnutrajesh/received_events","type":"User","site_admin":false,"name":null,"company":null,"blog":"","location":null,"email":null,"hireable":null,"bio":null,"twitter_username":null,"public_repos":3,"public_gists":0,"followers":0,"following":0,"created_at":"2021-05-19T07:58:58Z","updated_at":"2021-11-24T11:04:35Z","private_gists":0,"total_private_repos":0,"owned_private_repos":0,"disk_usage":55675,"collaborators":0,"two_factor_authentication":false,"plan":{"name":"free","space":976562499,"collaborators":0,"private_repos":10000}}
[info] 
[info] +  Success! Logged into GitHub as vishnutrajesh 
[info] 
